# JRE version: OpenJDK Runtime Environment (8.0_202-b03) (build 1.8.0_202-release-1483-b03)
# Java VM: OpenJDK 64-Bit Server VM (25.202-b03 mixed mode windows-amd64 compressed oops)
Heap:
 PSYoungGen      total 68608K, used 40155K [0x00000000e0000000, 0x00000000e5300000, 0x0000000100000000)
  eden space 61440K, 54% used [0x00000000e0000000,0x00000000e20b00a0,0x00000000e3c00000)
  from space 7168K, 93% used [0x00000000e4c00000,0x00000000e5286da8,0x00000000e5300000)
  to   space 9216K, 0% used [0x00000000e4100000,0x00000000e4100000,0x00000000e4a00000)
 ParOldGen       total 46080K, used 16343K [0x00000000a0000000, 0x00000000a2d00000, 0x00000000e0000000)
  object space 46080K, 35% used [0x00000000a0000000,0x00000000a0ff5cc8,0x00000000a2d00000)
 Metaspace       used 43706K, capacity 44564K, committed 44840K, reserved 1087488K
  class space    used 5919K, capacity 6172K, committed 6184K, reserved 1048576K
GC Heap History (10 events):
Event: 4.294 GC heap before
{Heap before GC invocations=10 (full 1):
 PSYoungGen      total 56832K, used 55113K [0x00000000e0000000, 0x00000000e4100000, 0x0000000100000000)
  eden space 48640K, 100% used [0x00000000e0000000,0x00000000e2f80000,0x00000000e2f80000)
  from space 8192K, 79% used [0x00000000e3800000,0x00000000e3e52420,0x00000000e4000000)
  to   space 8704K, 0% used [0x00000000e2f80000,0x00000000e2f80000,0x00000000e3800000)
 ParOldGen       total 46080K, used 9978K [0x00000000a0000000, 0x00000000a2d00000, 0x00000000e0000000)
  object space 46080K, 21% used [0x00000000a0000000,0x00000000a09be930,0x00000000a2d00000)
 Metaspace       used 30374K, capacity 30854K, committed 31232K, reserved 1077248K
  class space    used 4137K, capacity 4300K, committed 4352K, reserved 1048576K
Event: 4.312 GC heap after
Heap after GC invocations=10 (full 1):
 PSYoungGen      total 57344K, used 6830K [0x00000000e0000000, 0x00000000e4100000, 0x0000000100000000)
  eden space 48640K, 0% used [0x00000000e0000000,0x00000000e0000000,0x00000000e2f80000)
  from space 8704K, 78% used [0x00000000e2f80000,0x00000000e362b888,0x00000000e3800000)
  to   space 8192K, 0% used [0x00000000e3800000,0x00000000e3800000,0x00000000e4000000)
 ParOldGen       total 46080K, used 9978K [0x00000000a0000000, 0x00000000a2d00000, 0x00000000e0000000)
  object space 46080K, 21% used [0x00000000a0000000,0x00000000a09be930,0x00000000a2d00000)
 Metaspace       used 30374K, capacity 30854K, committed 31232K, reserved 1077248K
  class space    used 4137K, capacity 4300K, committed 4352K, reserved 1048576K
}
Event: 4.685 GC heap before
{Heap before GC invocations=11 (full 1):
 PSYoungGen      total 57344K, used 55470K [0x00000000e0000000, 0x00000000e4100000, 0x0000000100000000)
  eden space 48640K, 100% used [0x00000000e0000000,0x00000000e2f80000,0x00000000e2f80000)
  from space 8704K, 78% used [0x00000000e2f80000,0x00000000e362b888,0x00000000e3800000)
  to   space 8192K, 0% used [0x00000000e3800000,0x00000000e3800000,0x00000000e4000000)
 ParOldGen       total 46080K, used 9978K [0x00000000a0000000, 0x00000000a2d00000, 0x00000000e0000000)
  object space 46080K, 21% used [0x00000000a0000000,0x00000000a09be930,0x00000000a2d00000)
 Metaspace       used 33263K, capacity 33864K, committed 34304K, reserved 1079296K
  class space    used 4587K, capacity 4789K, committed 4864K, reserved 1048576K
Event: 4.690 GC heap after
Heap after GC invocations=11 (full 1):
 PSYoungGen      total 56832K, used 5796K [0x00000000e0000000, 0x00000000e4100000, 0x0000000100000000)
  eden space 48640K, 0% used [0x00000000e0000000,0x00000000e0000000,0x00000000e2f80000)
  from space 8192K, 70% used [0x00000000e3800000,0x00000000e3da93a0,0x00000000e4000000)
  to   space 8704K, 0% used [0x00000000e2f80000,0x00000000e2f80000,0x00000000e3800000)
 ParOldGen       total 46080K, used 12706K [0x00000000a0000000, 0x00000000a2d00000, 0x00000000e0000000)
  object space 46080K, 27% used [0x00000000a0000000,0x00000000a0c68940,0x00000000a2d00000)
 Metaspace       used 33263K, capacity 33864K, committed 34304K, reserved 1079296K
  class space    used 4587K, capacity 4789K, committed 4864K, reserved 1048576K
}
Event: 5.155 GC heap before
{Heap before GC invocations=12 (full 1):
 PSYoungGen      total 56832K, used 41560K [0x00000000e0000000, 0x00000000e4100000, 0x0000000100000000)
  eden space 48640K, 73% used [0x00000000e0000000,0x00000000e22ecfe8,0x00000000e2f80000)
  from space 8192K, 70% used [0x00000000e3800000,0x00000000e3da93a0,0x00000000e4000000)
  to   space 8704K, 0% used [0x00000000e2f80000,0x00000000e2f80000,0x00000000e3800000)
 ParOldGen       total 46080K, used 12706K [0x00000000a0000000, 0x00000000a2d00000, 0x00000000e0000000)
  object space 46080K, 27% used [0x00000000a0000000,0x00000000a0c68940,0x00000000a2d00000)
 Metaspace       used 34742K, capacity 35420K, committed 35496K, reserved 1079296K
  class space    used 4781K, capacity 4995K, committed 5032K, reserved 1048576K
Event: 5.169 GC heap after
Heap after GC invocations=12 (full 1):
 PSYoungGen      total 57344K, used 3863K [0x00000000e0000000, 0x00000000e5500000, 0x0000000100000000)
  eden space 48640K, 0% used [0x00000000e0000000,0x00000000e0000000,0x00000000e2f80000)
  from space 8704K, 44% used [0x00000000e2f80000,0x00000000e3345fd0,0x00000000e3800000)
  to   space 9216K, 0% used [0x00000000e4c00000,0x00000000e4c00000,0x00000000e5500000)
 ParOldGen       total 46080K, used 15390K [0x00000000a0000000, 0x00000000a2d00000, 0x00000000e0000000)
  object space 46080K, 33% used [0x00000000a0000000,0x00000000a0f07988,0x00000000a2d00000)
 Metaspace       used 34742K, capacity 35420K, committed 35496K, reserved 1079296K
  class space    used 4781K, capacity 4995K, committed 5032K, reserved 1048576K
}
Event: 5.169 GC heap before
{Heap before GC invocations=13 (full 2):
 PSYoungGen      total 57344K, used 3863K [0x00000000e0000000, 0x00000000e5500000, 0x0000000100000000)
  eden space 48640K, 0% used [0x00000000e0000000,0x00000000e0000000,0x00000000e2f80000)
  from space 8704K, 44% used [0x00000000e2f80000,0x00000000e3345fd0,0x00000000e3800000)
  to   space 9216K, 0% used [0x00000000e4c00000,0x00000000e4c00000,0x00000000e5500000)
 ParOldGen       total 46080K, used 15390K [0x00000000a0000000, 0x00000000a2d00000, 0x00000000e0000000)
  object space 46080K, 33% used [0x00000000a0000000,0x00000000a0f07988,0x00000000a2d00000)
 Metaspace       used 34742K, capacity 35420K, committed 35496K, reserved 1079296K
  class space    used 4781K, capacity 4995K, committed 5032K, reserved 1048576K
Event: 5.254 GC heap after
Heap after GC invocations=13 (full 2):
 PSYoungGen      total 57344K, used 0K [0x00000000e0000000, 0x00000000e5500000, 0x0000000100000000)
  eden space 48640K, 0% used [0x00000000e0000000,0x00000000e0000000,0x00000000e2f80000)
  from space 8704K, 0% used [0x00000000e2f80000,0x00000000e2f80000,0x00000000e3800000)
  to   space 9216K, 0% used [0x00000000e4c00000,0x00000000e4c00000,0x00000000e5500000)
 ParOldGen       total 46080K, used 16335K [0x00000000a0000000, 0x00000000a2d00000, 0x00000000e0000000)
  object space 46080K, 35% used [0x00000000a0000000,0x00000000a0ff3cc8,0x00000000a2d00000)
 Metaspace       used 34733K, capacity 35390K, committed 35496K, reserved 1079296K
  class space    used 4778K, capacity 4990K, committed 5032K, reserved 1048576K
}
Event: 5.861 GC heap before
{Heap before GC invocations=14 (full 2):
 PSYoungGen      total 57344K, used 48640K [0x00000000e0000000, 0x00000000e5500000, 0x0000000100000000)
  eden space 48640K, 100% used [0x00000000e0000000,0x00000000e2f80000,0x00000000e2f80000)
  from space 8704K, 0% used [0x00000000e2f80000,0x00000000e2f80000,0x00000000e3800000)
  to   space 9216K, 0% used [0x00000000e4c00000,0x00000000e4c00000,0x00000000e5500000)
 ParOldGen       total 46080K, used 16335K [0x00000000a0000000, 0x00000000a2d00000, 0x00000000e0000000)
  object space 46080K, 35% used [0x00000000a0000000,0x00000000a0ff3cc8,0x00000000a2d00000)
 Metaspace       used 41334K, capacity 42140K, committed 42280K, reserved 1085440K
  class space    used 5613K, capacity 5862K, committed 5928K, reserved 1048576K
Event: 5.869 GC heap after
Heap after GC invocations=14 (full 2):
 PSYoungGen      total 68608K, used 6683K [0x00000000e0000000, 0x00000000e5300000, 0x0000000100000000)
  eden space 61440K, 0% used [0x00000000e0000000,0x00000000e0000000,0x00000000e3c00000)
  from space 7168K, 93% used [0x00000000e4c00000,0x00000000e5286da8,0x00000000e5300000)
  to   space 9216K, 0% used [0x00000000e4100000,0x00000000e4100000,0x00000000e4a00000)
 ParOldGen       total 46080K, used 16343K [0x00000000a0000000, 0x00000000a2d00000, 0x00000000e0000000)
  object space 46080K, 35% used [0x00000000a0000000,0x00000000a0ff5cc8,0x00000000a2d00000)
 Metaspace       used 41334K, capacity 42140K, committed 42280K, reserved 1085440K
  class space    used 5613K, capacity 5862K, committed 5928K, reserved 1048576K
}

