# JRE version: OpenJDK Runtime Environment (8.0_202-b03) (build 1.8.0_202-release-1483-b03)
# Java VM: OpenJDK 64-Bit Server VM (25.202-b03 mixed mode windows-amd64 compressed oops)
Heap:
 PSYoungGen      total 31232K, used 21758K [0x00000000e0000000, 0x00000000e2e80000, 0x0000000100000000)
  eden space 22528K, 81% used [0x00000000e0000000,0x00000000e11dc770,0x00000000e1600000)
  from space 8704K, 39% used [0x00000000e1600000,0x00000000e1963278,0x00000000e1e80000)
  to   space 8704K, 0% used [0x00000000e2600000,0x00000000e2600000,0x00000000e2e80000)
 ParOldGen       total 46592K, used 7474K [0x00000000a0000000, 0x00000000a2d80000, 0x00000000e0000000)
  object space 46592K, 16% used [0x00000000a0000000,0x00000000a074c8f8,0x00000000a2d80000)
 Metaspace       used 26392K, capacity 26766K, committed 27136K, reserved 1073152K
  class space    used 3580K, capacity 3744K, committed 3840K, reserved 1048576K
GC Heap History (10 events):
Event: 21.563 GC heap before
{Heap before GC invocations=6 (full 0):
 PSYoungGen      total 28160K, used 28128K [0x00000000e0000000, 0x00000000e2780000, 0x0000000100000000)
  eden space 24064K, 100% used [0x00000000e0000000,0x00000000e1780000,0x00000000e1780000)
  from space 4096K, 99% used [0x00000000e1800000,0x00000000e1bf8040,0x00000000e1c00000)
  to   space 8192K, 0% used [0x00000000e1f80000,0x00000000e1f80000,0x00000000e2780000)
 ParOldGen       total 65536K, used 5335K [0x00000000a0000000, 0x00000000a4000000, 0x00000000e0000000)
  object space 65536K, 8% used [0x00000000a0000000,0x00000000a0535d48,0x00000000a4000000)
 Metaspace       used 17117K, capacity 17488K, committed 17792K, reserved 1064960K
  class space    used 2466K, capacity 2606K, committed 2688K, reserved 1048576K
Event: 21.570 GC heap after
Heap after GC invocations=6 (full 0):
 PSYoungGen      total 31744K, used 6912K [0x00000000e0000000, 0x00000000e2800000, 0x0000000100000000)
  eden space 23552K, 0% used [0x00000000e0000000,0x00000000e0000000,0x00000000e1700000)
  from space 8192K, 84% used [0x00000000e1f80000,0x00000000e2640308,0x00000000e2780000)
  to   space 8704K, 0% used [0x00000000e1700000,0x00000000e1700000,0x00000000e1f80000)
 ParOldGen       total 65536K, used 5343K [0x00000000a0000000, 0x00000000a4000000, 0x00000000e0000000)
  object space 65536K, 8% used [0x00000000a0000000,0x00000000a0537d48,0x00000000a4000000)
 Metaspace       used 17117K, capacity 17488K, committed 17792K, reserved 1064960K
  class space    used 2466K, capacity 2606K, committed 2688K, reserved 1048576K
}
Event: 23.310 GC heap before
{Heap before GC invocations=7 (full 0):
 PSYoungGen      total 31744K, used 30464K [0x00000000e0000000, 0x00000000e2800000, 0x0000000100000000)
  eden space 23552K, 100% used [0x00000000e0000000,0x00000000e1700000,0x00000000e1700000)
  from space 8192K, 84% used [0x00000000e1f80000,0x00000000e2640308,0x00000000e2780000)
  to   space 8704K, 0% used [0x00000000e1700000,0x00000000e1700000,0x00000000e1f80000)
 ParOldGen       total 65536K, used 5343K [0x00000000a0000000, 0x00000000a4000000, 0x00000000e0000000)
  object space 65536K, 8% used [0x00000000a0000000,0x00000000a0537d48,0x00000000a4000000)
 Metaspace       used 19710K, capacity 20092K, committed 20480K, reserved 1067008K
  class space    used 2840K, capacity 2998K, committed 3072K, reserved 1048576K
Event: 23.320 GC heap after
Heap after GC invocations=7 (full 0):
 PSYoungGen      total 29184K, used 6011K [0x00000000e0000000, 0x00000000e2780000, 0x0000000100000000)
  eden space 23040K, 0% used [0x00000000e0000000,0x00000000e0000000,0x00000000e1680000)
  from space 6144K, 97% used [0x00000000e1700000,0x00000000e1cdee08,0x00000000e1d00000)
  to   space 8704K, 0% used [0x00000000e1f00000,0x00000000e1f00000,0x00000000e2780000)
 ParOldGen       total 65536K, used 7259K [0x00000000a0000000, 0x00000000a4000000, 0x00000000e0000000)
  object space 65536K, 11% used [0x00000000a0000000,0x00000000a0716cf8,0x00000000a4000000)
 Metaspace       used 19710K, capacity 20092K, committed 20480K, reserved 1067008K
  class space    used 2840K, capacity 2998K, committed 3072K, reserved 1048576K
}
Event: 23.748 GC heap before
{Heap before GC invocations=8 (full 0):
 PSYoungGen      total 29184K, used 12816K [0x00000000e0000000, 0x00000000e2780000, 0x0000000100000000)
  eden space 23040K, 29% used [0x00000000e0000000,0x00000000e06a55c8,0x00000000e1680000)
  from space 6144K, 97% used [0x00000000e1700000,0x00000000e1cdee08,0x00000000e1d00000)
  to   space 8704K, 0% used [0x00000000e1f00000,0x00000000e1f00000,0x00000000e2780000)
 ParOldGen       total 65536K, used 7259K [0x00000000a0000000, 0x00000000a4000000, 0x00000000e0000000)
  object space 65536K, 11% used [0x00000000a0000000,0x00000000a0716cf8,0x00000000a4000000)
 Metaspace       used 20775K, capacity 21116K, committed 21248K, reserved 1067008K
  class space    used 2925K, capacity 3062K, committed 3072K, reserved 1048576K
Event: 23.754 GC heap after
Heap after GC invocations=8 (full 0):
 PSYoungGen      total 30720K, used 3571K [0x00000000e0000000, 0x00000000e2700000, 0x0000000100000000)
  eden space 22528K, 0% used [0x00000000e0000000,0x00000000e0000000,0x00000000e1600000)
  from space 8192K, 43% used [0x00000000e1f00000,0x00000000e227cd98,0x00000000e2700000)
  to   space 8704K, 0% used [0x00000000e1600000,0x00000000e1600000,0x00000000e1e80000)
 ParOldGen       total 65536K, used 8632K [0x00000000a0000000, 0x00000000a4000000, 0x00000000e0000000)
  object space 65536K, 13% used [0x00000000a0000000,0x00000000a086e190,0x00000000a4000000)
 Metaspace       used 20775K, capacity 21116K, committed 21248K, reserved 1067008K
  class space    used 2925K, capacity 3062K, committed 3072K, reserved 1048576K
}
Event: 23.754 GC heap before
{Heap before GC invocations=9 (full 1):
 PSYoungGen      total 30720K, used 3571K [0x00000000e0000000, 0x00000000e2700000, 0x0000000100000000)
  eden space 22528K, 0% used [0x00000000e0000000,0x00000000e0000000,0x00000000e1600000)
  from space 8192K, 43% used [0x00000000e1f00000,0x00000000e227cd98,0x00000000e2700000)
  to   space 8704K, 0% used [0x00000000e1600000,0x00000000e1600000,0x00000000e1e80000)
 ParOldGen       total 65536K, used 8632K [0x00000000a0000000, 0x00000000a4000000, 0x00000000e0000000)
  object space 65536K, 13% used [0x00000000a0000000,0x00000000a086e190,0x00000000a4000000)
 Metaspace       used 20775K, capacity 21116K, committed 21248K, reserved 1067008K
  class space    used 2925K, capacity 3062K, committed 3072K, reserved 1048576K
Event: 23.895 GC heap after
Heap after GC invocations=9 (full 1):
 PSYoungGen      total 30720K, used 0K [0x00000000e0000000, 0x00000000e2700000, 0x0000000100000000)
  eden space 22528K, 0% used [0x00000000e0000000,0x00000000e0000000,0x00000000e1600000)
  from space 8192K, 0% used [0x00000000e1f00000,0x00000000e1f00000,0x00000000e2700000)
  to   space 8704K, 0% used [0x00000000e1600000,0x00000000e1600000,0x00000000e1e80000)
 ParOldGen       total 46592K, used 7466K [0x00000000a0000000, 0x00000000a2d80000, 0x00000000e0000000)
  object space 46592K, 16% used [0x00000000a0000000,0x00000000a074a8f8,0x00000000a2d80000)
 Metaspace       used 20775K, capacity 21116K, committed 21248K, reserved 1067008K
  class space    used 2925K, capacity 3062K, committed 3072K, reserved 1048576K
}
Event: 25.987 GC heap before
{Heap before GC invocations=10 (full 1):
 PSYoungGen      total 30720K, used 22528K [0x00000000e0000000, 0x00000000e2700000, 0x0000000100000000)
  eden space 22528K, 100% used [0x00000000e0000000,0x00000000e1600000,0x00000000e1600000)
  from space 8192K, 0% used [0x00000000e1f00000,0x00000000e1f00000,0x00000000e2700000)
  to   space 8704K, 0% used [0x00000000e1600000,0x00000000e1600000,0x00000000e1e80000)
 ParOldGen       total 46592K, used 7466K [0x00000000a0000000, 0x00000000a2d80000, 0x00000000e0000000)
  object space 46592K, 16% used [0x00000000a0000000,0x00000000a074a8f8,0x00000000a2d80000)
 Metaspace       used 24958K, capacity 25386K, committed 25600K, reserved 1071104K
  class space    used 3396K, capacity 3546K, committed 3584K, reserved 1048576K
Event: 26.001 GC heap after
Heap after GC invocations=10 (full 1):
 PSYoungGen      total 31232K, used 3468K [0x00000000e0000000, 0x00000000e2e80000, 0x0000000100000000)
  eden space 22528K, 0% used [0x00000000e0000000,0x00000000e0000000,0x00000000e1600000)
  from space 8704K, 39% used [0x00000000e1600000,0x00000000e1963278,0x00000000e1e80000)
  to   space 8704K, 0% used [0x00000000e2600000,0x00000000e2600000,0x00000000e2e80000)
 ParOldGen       total 46592K, used 7474K [0x00000000a0000000, 0x00000000a2d80000, 0x00000000e0000000)
  object space 46592K, 16% used [0x00000000a0000000,0x00000000a074c8f8,0x00000000a2d80000)
 Metaspace       used 24958K, capacity 25386K, committed 25600K, reserved 1071104K
  class space    used 3396K, capacity 3546K, committed 3584K, reserved 1048576K
}

