# JRE version: OpenJDK Runtime Environment (8.0_202-b03) (build 1.8.0_202-release-1483-b03)
# Java VM: OpenJDK 64-Bit Server VM (25.202-b03 mixed mode windows-amd64 compressed oops)
Heap:
 PSYoungGen      total 399360K, used 15423K [0x00000000e0000000, 0x00000000f9780000, 0x0000000100000000)
  eden space 381440K, 1% used [0x00000000e0000000,0x00000000e0615aa0,0x00000000f7480000)
  from space 17920K, 51% used [0x00000000f7480000,0x00000000f7d7a520,0x00000000f8600000)
  to   space 17408K, 0% used [0x00000000f8680000,0x00000000f8680000,0x00000000f9780000)
 ParOldGen       total 107520K, used 44927K [0x00000000a0000000, 0x00000000a6900000, 0x00000000e0000000)
  object space 107520K, 41% used [0x00000000a0000000,0x00000000a2bdff58,0x00000000a6900000)
 Metaspace       used 83962K, capacity 86948K, committed 88280K, reserved 1126400K
  class space    used 10932K, capacity 11493K, committed 11776K, reserved 1048576K
GC Heap History (10 events):
Event: 1732.821 GC heap before
{Heap before GC invocations=31 (full 3):
 PSYoungGen      total 262656K, used 250300K [0x00000000e0000000, 0x00000000f4800000, 0x0000000100000000)
  eden space 244224K, 100% used [0x00000000e0000000,0x00000000eee80000,0x00000000eee80000)
  from space 18432K, 32% used [0x00000000eee80000,0x00000000ef46f368,0x00000000f0080000)
  to   space 17408K, 0% used [0x00000000f3700000,0x00000000f3700000,0x00000000f4800000)
 ParOldGen       total 87552K, used 68434K [0x00000000a0000000, 0x00000000a5580000, 0x00000000e0000000)
  object space 87552K, 78% used [0x00000000a0000000,0x00000000a42d49c0,0x00000000a5580000)
 Metaspace       used 84485K, capacity 88084K, committed 88280K, reserved 1126400K
  class space    used 11066K, capacity 11743K, committed 11776K, reserved 1048576K
Event: 1732.970 GC heap after
Heap after GC invocations=31 (full 3):
 PSYoungGen      total 318464K, used 3008K [0x00000000e0000000, 0x00000000f4c80000, 0x0000000100000000)
  eden space 301056K, 0% used [0x00000000e0000000,0x00000000e0000000,0x00000000f2600000)
  from space 17408K, 17% used [0x00000000f3700000,0x00000000f39f0398,0x00000000f4800000)
  to   space 17408K, 0% used [0x00000000f2600000,0x00000000f2600000,0x00000000f3700000)
 ParOldGen       total 87552K, used 72953K [0x00000000a0000000, 0x00000000a5580000, 0x00000000e0000000)
  object space 87552K, 83% used [0x00000000a0000000,0x00000000a473e7b0,0x00000000a5580000)
 Metaspace       used 84485K, capacity 88084K, committed 88280K, reserved 1126400K
  class space    used 11066K, capacity 11743K, committed 11776K, reserved 1048576K
}
Event: 1734.980 GC heap before
{Heap before GC invocations=32 (full 3):
 PSYoungGen      total 318464K, used 304064K [0x00000000e0000000, 0x00000000f4c80000, 0x0000000100000000)
  eden space 301056K, 100% used [0x00000000e0000000,0x00000000f2600000,0x00000000f2600000)
  from space 17408K, 17% used [0x00000000f3700000,0x00000000f39f0398,0x00000000f4800000)
  to   space 17408K, 0% used [0x00000000f2600000,0x00000000f2600000,0x00000000f3700000)
 ParOldGen       total 87552K, used 72953K [0x00000000a0000000, 0x00000000a5580000, 0x00000000e0000000)
  object space 87552K, 83% used [0x00000000a0000000,0x00000000a473e7b0,0x00000000a5580000)
 Metaspace       used 84498K, capacity 88102K, committed 88280K, reserved 1126400K
  class space    used 11068K, capacity 11746K, committed 11776K, reserved 1048576K
Event: 1735.348 GC heap after
Heap after GC invocations=32 (full 3):
 PSYoungGen      total 318464K, used 11321K [0x00000000e0000000, 0x00000000f9800000, 0x0000000100000000)
  eden space 301056K, 0% used [0x00000000e0000000,0x00000000e0000000,0x00000000f2600000)
  from space 17408K, 65% used [0x00000000f2600000,0x00000000f310e718,0x00000000f3700000)
  to   space 17920K, 0% used [0x00000000f8680000,0x00000000f8680000,0x00000000f9800000)
 ParOldGen       total 87552K, used 75769K [0x00000000a0000000, 0x00000000a5580000, 0x00000000e0000000)
  object space 87552K, 86% used [0x00000000a0000000,0x00000000a49fe478,0x00000000a5580000)
 Metaspace       used 84498K, capacity 88102K, committed 88280K, reserved 1126400K
  class space    used 11068K, capacity 11746K, committed 11776K, reserved 1048576K
}
Event: 1738.715 GC heap before
{Heap before GC invocations=33 (full 3):
 PSYoungGen      total 318464K, used 312377K [0x00000000e0000000, 0x00000000f9800000, 0x0000000100000000)
  eden space 301056K, 100% used [0x00000000e0000000,0x00000000f2600000,0x00000000f2600000)
  from space 17408K, 65% used [0x00000000f2600000,0x00000000f310e718,0x00000000f3700000)
  to   space 17920K, 0% used [0x00000000f8680000,0x00000000f8680000,0x00000000f9800000)
 ParOldGen       total 87552K, used 75769K [0x00000000a0000000, 0x00000000a5580000, 0x00000000e0000000)
  object space 87552K, 86% used [0x00000000a0000000,0x00000000a49fe478,0x00000000a5580000)
 Metaspace       used 84542K, capacity 88166K, committed 88280K, reserved 1126400K
  class space    used 11068K, capacity 11746K, committed 11776K, reserved 1048576K
Event: 1738.873 GC heap after
Heap after GC invocations=33 (full 3):
 PSYoungGen      total 398848K, used 2592K [0x00000000e0000000, 0x00000000f9780000, 0x0000000100000000)
  eden space 381440K, 0% used [0x00000000e0000000,0x00000000e0000000,0x00000000f7480000)
  from space 17408K, 14% used [0x00000000f8680000,0x00000000f8908000,0x00000000f9780000)
  to   space 17920K, 0% used [0x00000000f7480000,0x00000000f7480000,0x00000000f8600000)
 ParOldGen       total 87552K, used 84583K [0x00000000a0000000, 0x00000000a5580000, 0x00000000e0000000)
  object space 87552K, 96% used [0x00000000a0000000,0x00000000a5299ef8,0x00000000a5580000)
 Metaspace       used 84542K, capacity 88166K, committed 88280K, reserved 1126400K
  class space    used 11068K, capacity 11746K, committed 11776K, reserved 1048576K
}
Event: 1738.874 GC heap before
{Heap before GC invocations=34 (full 4):
 PSYoungGen      total 398848K, used 2592K [0x00000000e0000000, 0x00000000f9780000, 0x0000000100000000)
  eden space 381440K, 0% used [0x00000000e0000000,0x00000000e0000000,0x00000000f7480000)
  from space 17408K, 14% used [0x00000000f8680000,0x00000000f8908000,0x00000000f9780000)
  to   space 17920K, 0% used [0x00000000f7480000,0x00000000f7480000,0x00000000f8600000)
 ParOldGen       total 87552K, used 84583K [0x00000000a0000000, 0x00000000a5580000, 0x00000000e0000000)
  object space 87552K, 96% used [0x00000000a0000000,0x00000000a5299ef8,0x00000000a5580000)
 Metaspace       used 84542K, capacity 88166K, committed 88280K, reserved 1126400K
  class space    used 11068K, capacity 11746K, committed 11776K, reserved 1048576K
Event: 1760.821 GC heap after
Heap after GC invocations=34 (full 4):
 PSYoungGen      total 398848K, used 0K [0x00000000e0000000, 0x00000000f9780000, 0x0000000100000000)
  eden space 381440K, 0% used [0x00000000e0000000,0x00000000e0000000,0x00000000f7480000)
  from space 17408K, 0% used [0x00000000f8680000,0x00000000f8680000,0x00000000f9780000)
  to   space 17920K, 0% used [0x00000000f7480000,0x00000000f7480000,0x00000000f8600000)
 ParOldGen       total 107520K, used 44919K [0x00000000a0000000, 0x00000000a6900000, 0x00000000e0000000)
  object space 107520K, 41% used [0x00000000a0000000,0x00000000a2bddf58,0x00000000a6900000)
 Metaspace       used 83817K, capacity 86780K, committed 88280K, reserved 1126400K
  class space    used 10919K, capacity 11473K, committed 11776K, reserved 1048576K
}
Event: 1778.268 GC heap before
{Heap before GC invocations=35 (full 4):
 PSYoungGen      total 398848K, used 381440K [0x00000000e0000000, 0x00000000f9780000, 0x0000000100000000)
  eden space 381440K, 100% used [0x00000000e0000000,0x00000000f7480000,0x00000000f7480000)
  from space 17408K, 0% used [0x00000000f8680000,0x00000000f8680000,0x00000000f9780000)
  to   space 17920K, 0% used [0x00000000f7480000,0x00000000f7480000,0x00000000f8600000)
 ParOldGen       total 107520K, used 44919K [0x00000000a0000000, 0x00000000a6900000, 0x00000000e0000000)
  object space 107520K, 41% used [0x00000000a0000000,0x00000000a2bddf58,0x00000000a6900000)
 Metaspace       used 83951K, capacity 86948K, committed 88280K, reserved 1126400K
  class space    used 10932K, capacity 11493K, committed 11776K, reserved 1048576K
Event: 1778.578 GC heap after
Heap after GC invocations=35 (full 4):
 PSYoungGen      total 399360K, used 9193K [0x00000000e0000000, 0x00000000f9780000, 0x0000000100000000)
  eden space 381440K, 0% used [0x00000000e0000000,0x00000000e0000000,0x00000000f7480000)
  from space 17920K, 51% used [0x00000000f7480000,0x00000000f7d7a520,0x00000000f8600000)
  to   space 17408K, 0% used [0x00000000f8680000,0x00000000f8680000,0x00000000f9780000)
 ParOldGen       total 107520K, used 44927K [0x00000000a0000000, 0x00000000a6900000, 0x00000000e0000000)
  object space 107520K, 41% used [0x00000000a0000000,0x00000000a2bdff58,0x00000000a6900000)
 Metaspace       used 83951K, capacity 86948K, committed 88280K, reserved 1126400K
  class space    used 10932K, capacity 11493K, committed 11776K, reserved 1048576K
}

