# JRE version: OpenJDK Runtime Environment (8.0_202-b03) (build 1.8.0_202-release-1483-b03)
# Java VM: OpenJDK 64-Bit Server VM (25.202-b03 mixed mode windows-amd64 compressed oops)
Heap:
 PSYoungGen      total 259584K, used 6655K [0x00000000e0000000, 0x00000000f1680000, 0x0000000100000000)
  eden space 233984K, 2% used [0x00000000e0000000,0x00000000e067fe60,0x00000000ee480000)
  from space 25600K, 0% used [0x00000000efd80000,0x00000000efd80000,0x00000000f1680000)
  to   space 512K, 0% used [0x00000000ee680000,0x00000000ee680000,0x00000000ee700000)
 ParOldGen       total 125952K, used 31293K [0x00000000a0000000, 0x00000000a7b00000, 0x00000000e0000000)
  object space 125952K, 24% used [0x00000000a0000000,0x00000000a1e8f4a8,0x00000000a7b00000)
 Metaspace       used 69156K, capacity 71448K, committed 72960K, reserved 1112064K
  class space    used 9121K, capacity 9626K, committed 9984K, reserved 1048576K
GC Heap History (10 events):
Event: 59.444 GC heap before
{Heap before GC invocations=21 (full 7):
 PSYoungGen      total 248320K, used 0K [0x00000000e0000000, 0x00000000f1680000, 0x0000000100000000)
  eden space 231424K, 0% used [0x00000000e0000000,0x00000000e0000000,0x00000000ee200000)
  from space 16896K, 0% used [0x00000000f0600000,0x00000000f0600000,0x00000000f1680000)
  to   space 24576K, 0% used [0x00000000ee680000,0x00000000ee680000,0x00000000efe80000)
 ParOldGen       total 125952K, used 31305K [0x00000000a0000000, 0x00000000a7b00000, 0x00000000e0000000)
  object space 125952K, 24% used [0x00000000a0000000,0x00000000a1e92748,0x00000000a7b00000)
 Metaspace       used 68990K, capacity 71176K, committed 72832K, reserved 1112064K
  class space    used 9094K, capacity 9538K, committed 9856K, reserved 1048576K
Event: 59.590 GC heap after
Heap after GC invocations=21 (full 7):
 PSYoungGen      total 248320K, used 0K [0x00000000e0000000, 0x00000000f1680000, 0x0000000100000000)
  eden space 231424K, 0% used [0x00000000e0000000,0x00000000e0000000,0x00000000ee200000)
  from space 16896K, 0% used [0x00000000f0600000,0x00000000f0600000,0x00000000f1680000)
  to   space 24576K, 0% used [0x00000000ee680000,0x00000000ee680000,0x00000000efe80000)
 ParOldGen       total 125952K, used 31293K [0x00000000a0000000, 0x00000000a7b00000, 0x00000000e0000000)
  object space 125952K, 24% used [0x00000000a0000000,0x00000000a1e8f7b0,0x00000000a7b00000)
 Metaspace       used 68990K, capacity 71176K, committed 72832K, reserved 1112064K
  class space    used 9094K, capacity 9538K, committed 9856K, reserved 1048576K
}
Event: 59.640 GC heap before
{Heap before GC invocations=22 (full 7):
 PSYoungGen      total 248320K, used 4355K [0x00000000e0000000, 0x00000000f1680000, 0x0000000100000000)
  eden space 231424K, 1% used [0x00000000e0000000,0x00000000e0440fa8,0x00000000ee200000)
  from space 16896K, 0% used [0x00000000f0600000,0x00000000f0600000,0x00000000f1680000)
  to   space 24576K, 0% used [0x00000000ee680000,0x00000000ee680000,0x00000000efe80000)
 ParOldGen       total 125952K, used 31293K [0x00000000a0000000, 0x00000000a7b00000, 0x00000000e0000000)
  object space 125952K, 24% used [0x00000000a0000000,0x00000000a1e8f7b0,0x00000000a7b00000)
 Metaspace       used 69040K, capacity 71236K, committed 72832K, reserved 1112064K
  class space    used 9103K, capacity 9548K, committed 9856K, reserved 1048576K
Event: 59.641 GC heap after
Heap after GC invocations=22 (full 7):
 PSYoungGen      total 234496K, used 224K [0x00000000e0000000, 0x00000000f1680000, 0x0000000100000000)
  eden space 233984K, 0% used [0x00000000e0000000,0x00000000e0000000,0x00000000ee480000)
  from space 512K, 43% used [0x00000000ee680000,0x00000000ee6b8000,0x00000000ee700000)
  to   space 25600K, 0% used [0x00000000efd80000,0x00000000efd80000,0x00000000f1680000)
 ParOldGen       total 125952K, used 31293K [0x00000000a0000000, 0x00000000a7b00000, 0x00000000e0000000)
  object space 125952K, 24% used [0x00000000a0000000,0x00000000a1e8f7b0,0x00000000a7b00000)
 Metaspace       used 69040K, capacity 71236K, committed 72832K, reserved 1112064K
  class space    used 9103K, capacity 9548K, committed 9856K, reserved 1048576K
}
Event: 59.641 GC heap before
{Heap before GC invocations=23 (full 8):
 PSYoungGen      total 234496K, used 224K [0x00000000e0000000, 0x00000000f1680000, 0x0000000100000000)
  eden space 233984K, 0% used [0x00000000e0000000,0x00000000e0000000,0x00000000ee480000)
  from space 512K, 43% used [0x00000000ee680000,0x00000000ee6b8000,0x00000000ee700000)
  to   space 25600K, 0% used [0x00000000efd80000,0x00000000efd80000,0x00000000f1680000)
 ParOldGen       total 125952K, used 31293K [0x00000000a0000000, 0x00000000a7b00000, 0x00000000e0000000)
  object space 125952K, 24% used [0x00000000a0000000,0x00000000a1e8f7b0,0x00000000a7b00000)
 Metaspace       used 69040K, capacity 71236K, committed 72832K, reserved 1112064K
  class space    used 9103K, capacity 9548K, committed 9856K, reserved 1048576K
Event: 59.741 GC heap after
Heap after GC invocations=23 (full 8):
 PSYoungGen      total 234496K, used 0K [0x00000000e0000000, 0x00000000f1680000, 0x0000000100000000)
  eden space 233984K, 0% used [0x00000000e0000000,0x00000000e0000000,0x00000000ee480000)
  from space 512K, 0% used [0x00000000ee680000,0x00000000ee680000,0x00000000ee700000)
  to   space 25600K, 0% used [0x00000000efd80000,0x00000000efd80000,0x00000000f1680000)
 ParOldGen       total 125952K, used 31352K [0x00000000a0000000, 0x00000000a7b00000, 0x00000000e0000000)
  object space 125952K, 24% used [0x00000000a0000000,0x00000000a1e9e140,0x00000000a7b00000)
 Metaspace       used 69040K, capacity 71236K, committed 72832K, reserved 1112064K
  class space    used 9103K, capacity 9548K, committed 9856K, reserved 1048576K
}
Event: 59.742 GC heap before
{Heap before GC invocations=24 (full 8):
 PSYoungGen      total 234496K, used 0K [0x00000000e0000000, 0x00000000f1680000, 0x0000000100000000)
  eden space 233984K, 0% used [0x00000000e0000000,0x00000000e0000000,0x00000000ee480000)
  from space 512K, 0% used [0x00000000ee680000,0x00000000ee680000,0x00000000ee700000)
  to   space 25600K, 0% used [0x00000000efd80000,0x00000000efd80000,0x00000000f1680000)
 ParOldGen       total 125952K, used 31352K [0x00000000a0000000, 0x00000000a7b00000, 0x00000000e0000000)
  object space 125952K, 24% used [0x00000000a0000000,0x00000000a1e9e140,0x00000000a7b00000)
 Metaspace       used 69040K, capacity 71236K, committed 72832K, reserved 1112064K
  class space    used 9103K, capacity 9548K, committed 9856K, reserved 1048576K
Event: 59.743 GC heap after
Heap after GC invocations=24 (full 8):
 PSYoungGen      total 259584K, used 0K [0x00000000e0000000, 0x00000000f1680000, 0x0000000100000000)
  eden space 233984K, 0% used [0x00000000e0000000,0x00000000e0000000,0x00000000ee480000)
  from space 25600K, 0% used [0x00000000efd80000,0x00000000efd80000,0x00000000f1680000)
  to   space 512K, 0% used [0x00000000ee680000,0x00000000ee680000,0x00000000ee700000)
 ParOldGen       total 125952K, used 31352K [0x00000000a0000000, 0x00000000a7b00000, 0x00000000e0000000)
  object space 125952K, 24% used [0x00000000a0000000,0x00000000a1e9e140,0x00000000a7b00000)
 Metaspace       used 69040K, capacity 71236K, committed 72832K, reserved 1112064K
  class space    used 9103K, capacity 9548K, committed 9856K, reserved 1048576K
}
Event: 59.743 GC heap before
{Heap before GC invocations=25 (full 9):
 PSYoungGen      total 259584K, used 0K [0x00000000e0000000, 0x00000000f1680000, 0x0000000100000000)
  eden space 233984K, 0% used [0x00000000e0000000,0x00000000e0000000,0x00000000ee480000)
  from space 25600K, 0% used [0x00000000efd80000,0x00000000efd80000,0x00000000f1680000)
  to   space 512K, 0% used [0x00000000ee680000,0x00000000ee680000,0x00000000ee700000)
 ParOldGen       total 125952K, used 31352K [0x00000000a0000000, 0x00000000a7b00000, 0x00000000e0000000)
  object space 125952K, 24% used [0x00000000a0000000,0x00000000a1e9e140,0x00000000a7b00000)
 Metaspace       used 69040K, capacity 71236K, committed 72832K, reserved 1112064K
  class space    used 9103K, capacity 9548K, committed 9856K, reserved 1048576K
Event: 59.878 GC heap after
Heap after GC invocations=25 (full 9):
 PSYoungGen      total 259584K, used 0K [0x00000000e0000000, 0x00000000f1680000, 0x0000000100000000)
  eden space 233984K, 0% used [0x00000000e0000000,0x00000000e0000000,0x00000000ee480000)
  from space 25600K, 0% used [0x00000000efd80000,0x00000000efd80000,0x00000000f1680000)
  to   space 512K, 0% used [0x00000000ee680000,0x00000000ee680000,0x00000000ee700000)
 ParOldGen       total 125952K, used 31293K [0x00000000a0000000, 0x00000000a7b00000, 0x00000000e0000000)
  object space 125952K, 24% used [0x00000000a0000000,0x00000000a1e8f4a8,0x00000000a7b00000)
 Metaspace       used 69002K, capacity 71176K, committed 72832K, reserved 1112064K
  class space    used 9097K, capacity 9538K, committed 9856K, reserved 1048576K
}

