# JRE version: OpenJDK Runtime Environment (8.0_202-b03) (build 1.8.0_202-release-1483-b03)
# Java VM: OpenJDK 64-Bit Server VM (25.202-b03 mixed mode windows-amd64 compressed oops)
Heap:
 PSYoungGen      total 31232K, used 25983K [0x00000000e0000000, 0x00000000e2d80000, 0x0000000100000000)
  eden space 22528K, 100% used [0x00000000e0000000,0x00000000e1600000,0x00000000e1600000)
  from space 8704K, 39% used [0x00000000e1600000,0x00000000e195fdd8,0x00000000e1e80000)
  to   space 8704K, 30% used [0x00000000e2500000,0x00000000e2798000,0x00000000e2d80000)
 ParOldGen       total 47104K, used 7497K [0x00000000a0000000, 0x00000000a2e00000, 0x00000000e0000000)
  object space 47104K, 15% used [0x00000000a0000000,0x00000000a0752408,0x00000000a2e00000)
 Metaspace       used 26798K, capacity 27270K, committed 27648K, reserved 1073152K
  class space    used 3640K, capacity 3808K, committed 3840K, reserved 1048576K
GC Heap History (10 events):
Event: 21.587 GC heap before
{Heap before GC invocations=6 (full 0):
 PSYoungGen      total 28160K, used 28128K [0x00000000e0000000, 0x00000000e2780000, 0x0000000100000000)
  eden space 24064K, 100% used [0x00000000e0000000,0x00000000e1780000,0x00000000e1780000)
  from space 4096K, 99% used [0x00000000e1800000,0x00000000e1bf8020,0x00000000e1c00000)
  to   space 8192K, 0% used [0x00000000e1f80000,0x00000000e1f80000,0x00000000e2780000)
 ParOldGen       total 65536K, used 5207K [0x00000000a0000000, 0x00000000a4000000, 0x00000000e0000000)
  object space 65536K, 7% used [0x00000000a0000000,0x00000000a0515f40,0x00000000a4000000)
 Metaspace       used 17096K, capacity 17480K, committed 17792K, reserved 1064960K
  class space    used 2464K, capacity 2606K, committed 2688K, reserved 1048576K
Event: 21.593 GC heap after
Heap after GC invocations=6 (full 0):
 PSYoungGen      total 31744K, used 6924K [0x00000000e0000000, 0x00000000e2800000, 0x0000000100000000)
  eden space 23552K, 0% used [0x00000000e0000000,0x00000000e0000000,0x00000000e1700000)
  from space 8192K, 84% used [0x00000000e1f80000,0x00000000e26431b8,0x00000000e2780000)
  to   space 8704K, 0% used [0x00000000e1700000,0x00000000e1700000,0x00000000e1f80000)
 ParOldGen       total 65536K, used 5215K [0x00000000a0000000, 0x00000000a4000000, 0x00000000e0000000)
  object space 65536K, 7% used [0x00000000a0000000,0x00000000a0517f40,0x00000000a4000000)
 Metaspace       used 17096K, capacity 17480K, committed 17792K, reserved 1064960K
  class space    used 2464K, capacity 2606K, committed 2688K, reserved 1048576K
}
Event: 23.338 GC heap before
{Heap before GC invocations=7 (full 0):
 PSYoungGen      total 31744K, used 30476K [0x00000000e0000000, 0x00000000e2800000, 0x0000000100000000)
  eden space 23552K, 100% used [0x00000000e0000000,0x00000000e1700000,0x00000000e1700000)
  from space 8192K, 84% used [0x00000000e1f80000,0x00000000e26431b8,0x00000000e2780000)
  to   space 8704K, 0% used [0x00000000e1700000,0x00000000e1700000,0x00000000e1f80000)
 ParOldGen       total 65536K, used 5215K [0x00000000a0000000, 0x00000000a4000000, 0x00000000e0000000)
  object space 65536K, 7% used [0x00000000a0000000,0x00000000a0517f40,0x00000000a4000000)
 Metaspace       used 19678K, capacity 20084K, committed 20480K, reserved 1067008K
  class space    used 2839K, capacity 2998K, committed 3072K, reserved 1048576K
Event: 23.349 GC heap after
Heap after GC invocations=7 (full 0):
 PSYoungGen      total 29184K, used 6023K [0x00000000e0000000, 0x00000000e2780000, 0x0000000100000000)
  eden space 23040K, 0% used [0x00000000e0000000,0x00000000e0000000,0x00000000e1680000)
  from space 6144K, 98% used [0x00000000e1700000,0x00000000e1ce1e08,0x00000000e1d00000)
  to   space 8704K, 0% used [0x00000000e1f00000,0x00000000e1f00000,0x00000000e2780000)
 ParOldGen       total 65536K, used 7083K [0x00000000a0000000, 0x00000000a4000000, 0x00000000e0000000)
  object space 65536K, 10% used [0x00000000a0000000,0x00000000a06eae40,0x00000000a4000000)
 Metaspace       used 19678K, capacity 20084K, committed 20480K, reserved 1067008K
  class space    used 2839K, capacity 2998K, committed 3072K, reserved 1048576K
}
Event: 23.777 GC heap before
{Heap before GC invocations=8 (full 0):
 PSYoungGen      total 29184K, used 12930K [0x00000000e0000000, 0x00000000e2780000, 0x0000000100000000)
  eden space 23040K, 29% used [0x00000000e0000000,0x00000000e06bec38,0x00000000e1680000)
  from space 6144K, 98% used [0x00000000e1700000,0x00000000e1ce1e08,0x00000000e1d00000)
  to   space 8704K, 0% used [0x00000000e1f00000,0x00000000e1f00000,0x00000000e2780000)
 ParOldGen       total 65536K, used 7083K [0x00000000a0000000, 0x00000000a4000000, 0x00000000e0000000)
  object space 65536K, 10% used [0x00000000a0000000,0x00000000a06eae40,0x00000000a4000000)
 Metaspace       used 20762K, capacity 21108K, committed 21248K, reserved 1067008K
  class space    used 2925K, capacity 3062K, committed 3072K, reserved 1048576K
Event: 23.783 GC heap after
Heap after GC invocations=8 (full 0):
 PSYoungGen      total 30720K, used 3657K [0x00000000e0000000, 0x00000000e2700000, 0x0000000100000000)
  eden space 22528K, 0% used [0x00000000e0000000,0x00000000e0000000,0x00000000e1600000)
  from space 8192K, 44% used [0x00000000e1f00000,0x00000000e22924d8,0x00000000e2700000)
  to   space 8704K, 0% used [0x00000000e1600000,0x00000000e1600000,0x00000000e1e80000)
 ParOldGen       total 65536K, used 8472K [0x00000000a0000000, 0x00000000a4000000, 0x00000000e0000000)
  object space 65536K, 12% used [0x00000000a0000000,0x00000000a08462d8,0x00000000a4000000)
 Metaspace       used 20762K, capacity 21108K, committed 21248K, reserved 1067008K
  class space    used 2925K, capacity 3062K, committed 3072K, reserved 1048576K
}
Event: 23.783 GC heap before
{Heap before GC invocations=9 (full 1):
 PSYoungGen      total 30720K, used 3657K [0x00000000e0000000, 0x00000000e2700000, 0x0000000100000000)
  eden space 22528K, 0% used [0x00000000e0000000,0x00000000e0000000,0x00000000e1600000)
  from space 8192K, 44% used [0x00000000e1f00000,0x00000000e22924d8,0x00000000e2700000)
  to   space 8704K, 0% used [0x00000000e1600000,0x00000000e1600000,0x00000000e1e80000)
 ParOldGen       total 65536K, used 8472K [0x00000000a0000000, 0x00000000a4000000, 0x00000000e0000000)
  object space 65536K, 12% used [0x00000000a0000000,0x00000000a08462d8,0x00000000a4000000)
 Metaspace       used 20762K, capacity 21108K, committed 21248K, reserved 1067008K
  class space    used 2925K, capacity 3062K, committed 3072K, reserved 1048576K
Event: 23.917 GC heap after
Heap after GC invocations=9 (full 1):
 PSYoungGen      total 30720K, used 0K [0x00000000e0000000, 0x00000000e2700000, 0x0000000100000000)
  eden space 22528K, 0% used [0x00000000e0000000,0x00000000e0000000,0x00000000e1600000)
  from space 8192K, 0% used [0x00000000e1f00000,0x00000000e1f00000,0x00000000e2700000)
  to   space 8704K, 0% used [0x00000000e1600000,0x00000000e1600000,0x00000000e1e80000)
 ParOldGen       total 47104K, used 7481K [0x00000000a0000000, 0x00000000a2e00000, 0x00000000e0000000)
  object space 47104K, 15% used [0x00000000a0000000,0x00000000a074e408,0x00000000a2e00000)
 Metaspace       used 20762K, capacity 21108K, committed 21248K, reserved 1067008K
  class space    used 2925K, capacity 3062K, committed 3072K, reserved 1048576K
}
Event: 26.068 GC heap before
{Heap before GC invocations=10 (full 1):
 PSYoungGen      total 30720K, used 22528K [0x00000000e0000000, 0x00000000e2700000, 0x0000000100000000)
  eden space 22528K, 100% used [0x00000000e0000000,0x00000000e1600000,0x00000000e1600000)
  from space 8192K, 0% used [0x00000000e1f00000,0x00000000e1f00000,0x00000000e2700000)
  to   space 8704K, 0% used [0x00000000e1600000,0x00000000e1600000,0x00000000e1e80000)
 ParOldGen       total 47104K, used 7481K [0x00000000a0000000, 0x00000000a2e00000, 0x00000000e0000000)
  object space 47104K, 15% used [0x00000000a0000000,0x00000000a074e408,0x00000000a2e00000)
 Metaspace       used 24929K, capacity 25378K, committed 25600K, reserved 1071104K
  class space    used 3386K, capacity 3546K, committed 3584K, reserved 1048576K
Event: 26.071 GC heap after
Heap after GC invocations=10 (full 1):
 PSYoungGen      total 31232K, used 3455K [0x00000000e0000000, 0x00000000e2d80000, 0x0000000100000000)
  eden space 22528K, 0% used [0x00000000e0000000,0x00000000e0000000,0x00000000e1600000)
  from space 8704K, 39% used [0x00000000e1600000,0x00000000e195fdd8,0x00000000e1e80000)
  to   space 8704K, 0% used [0x00000000e2500000,0x00000000e2500000,0x00000000e2d80000)
 ParOldGen       total 47104K, used 7489K [0x00000000a0000000, 0x00000000a2e00000, 0x00000000e0000000)
  object space 47104K, 15% used [0x00000000a0000000,0x00000000a0750408,0x00000000a2e00000)
 Metaspace       used 24929K, capacity 25378K, committed 25600K, reserved 1071104K
  class space    used 3386K, capacity 3546K, committed 3584K, reserved 1048576K
}

