# JRE version: OpenJDK Runtime Environment (8.0_202-b03) (build 1.8.0_202-release-1483-b03)
# Java VM: OpenJDK 64-Bit Server VM (25.202-b03 mixed mode windows-amd64 compressed oops)
Heap:
 PSYoungGen      total 156672K, used 16872K [0x00000000e0000000, 0x00000000ead00000, 0x0000000100000000)
  eden space 145408K, 4% used [0x00000000e0000000,0x00000000e05e2760,0x00000000e8e00000)
  from space 11264K, 96% used [0x00000000ea200000,0x00000000eac97a60,0x00000000ead00000)
  to   space 15872K, 0% used [0x00000000e8e00000,0x00000000e8e00000,0x00000000e9d80000)
 ParOldGen       total 117760K, used 32797K [0x00000000a0000000, 0x00000000a7300000, 0x00000000e0000000)
  object space 117760K, 27% used [0x00000000a0000000,0x00000000a2007680,0x00000000a7300000)
 Metaspace       used 63749K, capacity 66348K, committed 66688K, reserved 1105920K
  class space    used 8701K, capacity 9247K, committed 9344K, reserved 1048576K
GC Heap History (10 events):
Event: 5.594 GC heap before
{Heap before GC invocations=13 (full 2):
 PSYoungGen      total 115200K, used 104448K [0x00000000e0000000, 0x00000000e9580000, 0x0000000100000000)
  eden space 104448K, 100% used [0x00000000e0000000,0x00000000e6600000,0x00000000e6600000)
  from space 10752K, 0% used [0x00000000e7100000,0x00000000e7100000,0x00000000e7b80000)
  to   space 11264K, 0% used [0x00000000e6600000,0x00000000e6600000,0x00000000e7100000)
 ParOldGen       total 76800K, used 17626K [0x00000000a0000000, 0x00000000a4b00000, 0x00000000e0000000)
  object space 76800K, 22% used [0x00000000a0000000,0x00000000a1136970,0x00000000a4b00000)
 Metaspace       used 44686K, capacity 45964K, committed 46080K, reserved 1089536K
  class space    used 6041K, capacity 6317K, committed 6400K, reserved 1048576K
Event: 5.611 GC heap after
Heap after GC invocations=13 (full 2):
 PSYoungGen      total 115712K, used 11263K [0x00000000e0000000, 0x00000000e9680000, 0x0000000100000000)
  eden space 104448K, 0% used [0x00000000e0000000,0x00000000e0000000,0x00000000e6600000)
  from space 11264K, 99% used [0x00000000e6600000,0x00000000e70fff58,0x00000000e7100000)
  to   space 13312K, 0% used [0x00000000e8980000,0x00000000e8980000,0x00000000e9680000)
 ParOldGen       total 76800K, used 20369K [0x00000000a0000000, 0x00000000a4b00000, 0x00000000e0000000)
  object space 76800K, 26% used [0x00000000a0000000,0x00000000a13e4518,0x00000000a4b00000)
 Metaspace       used 44686K, capacity 45964K, committed 46080K, reserved 1089536K
  class space    used 6041K, capacity 6317K, committed 6400K, reserved 1048576K
}
Event: 6.555 GC heap before
{Heap before GC invocations=14 (full 2):
 PSYoungGen      total 115712K, used 115711K [0x00000000e0000000, 0x00000000e9680000, 0x0000000100000000)
  eden space 104448K, 100% used [0x00000000e0000000,0x00000000e6600000,0x00000000e6600000)
  from space 11264K, 99% used [0x00000000e6600000,0x00000000e70fff58,0x00000000e7100000)
  to   space 13312K, 0% used [0x00000000e8980000,0x00000000e8980000,0x00000000e9680000)
 ParOldGen       total 76800K, used 20369K [0x00000000a0000000, 0x00000000a4b00000, 0x00000000e0000000)
  object space 76800K, 26% used [0x00000000a0000000,0x00000000a13e4518,0x00000000a4b00000)
 Metaspace       used 52545K, capacity 54290K, committed 54528K, reserved 1095680K
  class space    used 7139K, capacity 7561K, committed 7680K, reserved 1048576K
Event: 6.570 GC heap after
Heap after GC invocations=14 (full 2):
 PSYoungGen      total 139264K, used 11874K [0x00000000e0000000, 0x00000000e9880000, 0x0000000100000000)
  eden space 125952K, 0% used [0x00000000e0000000,0x00000000e0000000,0x00000000e7b00000)
  from space 13312K, 89% used [0x00000000e8980000,0x00000000e9518998,0x00000000e9680000)
  to   space 14848K, 0% used [0x00000000e7b00000,0x00000000e7b00000,0x00000000e8980000)
 ParOldGen       total 76800K, used 26981K [0x00000000a0000000, 0x00000000a4b00000, 0x00000000e0000000)
  object space 76800K, 35% used [0x00000000a0000000,0x00000000a1a59550,0x00000000a4b00000)
 Metaspace       used 52545K, capacity 54290K, committed 54528K, reserved 1095680K
  class space    used 7139K, capacity 7561K, committed 7680K, reserved 1048576K
}
Event: 7.673 GC heap before
{Heap before GC invocations=15 (full 2):
 PSYoungGen      total 139264K, used 98226K [0x00000000e0000000, 0x00000000e9880000, 0x0000000100000000)
  eden space 125952K, 68% used [0x00000000e0000000,0x00000000e5453f60,0x00000000e7b00000)
  from space 13312K, 89% used [0x00000000e8980000,0x00000000e9518998,0x00000000e9680000)
  to   space 14848K, 0% used [0x00000000e7b00000,0x00000000e7b00000,0x00000000e8980000)
 ParOldGen       total 76800K, used 26981K [0x00000000a0000000, 0x00000000a4b00000, 0x00000000e0000000)
  object space 76800K, 35% used [0x00000000a0000000,0x00000000a1a59550,0x00000000a4b00000)
 Metaspace       used 56991K, capacity 58966K, committed 59096K, reserved 1099776K
  class space    used 7771K, capacity 8235K, committed 8320K, reserved 1048576K
Event: 7.686 GC heap after
Heap after GC invocations=15 (full 2):
 PSYoungGen      total 140800K, used 11540K [0x00000000e0000000, 0x00000000eb100000, 0x0000000100000000)
  eden space 125952K, 0% used [0x00000000e0000000,0x00000000e0000000,0x00000000e7b00000)
  from space 14848K, 77% used [0x00000000e7b00000,0x00000000e8645370,0x00000000e8980000)
  to   space 15360K, 0% used [0x00000000ea200000,0x00000000ea200000,0x00000000eb100000)
 ParOldGen       total 76800K, used 27053K [0x00000000a0000000, 0x00000000a4b00000, 0x00000000e0000000)
  object space 76800K, 35% used [0x00000000a0000000,0x00000000a1a6b560,0x00000000a4b00000)
 Metaspace       used 56991K, capacity 58966K, committed 59096K, reserved 1099776K
  class space    used 7771K, capacity 8235K, committed 8320K, reserved 1048576K
}
Event: 7.686 GC heap before
{Heap before GC invocations=16 (full 3):
 PSYoungGen      total 140800K, used 11540K [0x00000000e0000000, 0x00000000eb100000, 0x0000000100000000)
  eden space 125952K, 0% used [0x00000000e0000000,0x00000000e0000000,0x00000000e7b00000)
  from space 14848K, 77% used [0x00000000e7b00000,0x00000000e8645370,0x00000000e8980000)
  to   space 15360K, 0% used [0x00000000ea200000,0x00000000ea200000,0x00000000eb100000)
 ParOldGen       total 76800K, used 27053K [0x00000000a0000000, 0x00000000a4b00000, 0x00000000e0000000)
  object space 76800K, 35% used [0x00000000a0000000,0x00000000a1a6b560,0x00000000a4b00000)
 Metaspace       used 56991K, capacity 58966K, committed 59096K, reserved 1099776K
  class space    used 7771K, capacity 8235K, committed 8320K, reserved 1048576K
Event: 7.880 GC heap after
Heap after GC invocations=16 (full 3):
 PSYoungGen      total 140800K, used 0K [0x00000000e0000000, 0x00000000eb100000, 0x0000000100000000)
  eden space 125952K, 0% used [0x00000000e0000000,0x00000000e0000000,0x00000000e7b00000)
  from space 14848K, 0% used [0x00000000e7b00000,0x00000000e7b00000,0x00000000e8980000)
  to   space 15360K, 0% used [0x00000000ea200000,0x00000000ea200000,0x00000000eb100000)
 ParOldGen       total 117760K, used 32789K [0x00000000a0000000, 0x00000000a7300000, 0x00000000e0000000)
  object space 117760K, 27% used [0x00000000a0000000,0x00000000a2005680,0x00000000a7300000)
 Metaspace       used 56980K, capacity 58930K, committed 59096K, reserved 1099776K
  class space    used 7767K, capacity 8229K, committed 8320K, reserved 1048576K
}
Event: 10.545 GC heap before
{Heap before GC invocations=17 (full 3):
 PSYoungGen      total 140800K, used 125952K [0x00000000e0000000, 0x00000000eb100000, 0x0000000100000000)
  eden space 125952K, 100% used [0x00000000e0000000,0x00000000e7b00000,0x00000000e7b00000)
  from space 14848K, 0% used [0x00000000e7b00000,0x00000000e7b00000,0x00000000e8980000)
  to   space 15360K, 0% used [0x00000000ea200000,0x00000000ea200000,0x00000000eb100000)
 ParOldGen       total 117760K, used 32789K [0x00000000a0000000, 0x00000000a7300000, 0x00000000e0000000)
  object space 117760K, 27% used [0x00000000a0000000,0x00000000a2005680,0x00000000a7300000)
 Metaspace       used 63474K, capacity 66016K, committed 66048K, reserved 1105920K
  class space    used 8665K, capacity 9205K, committed 9216K, reserved 1048576K
Event: 10.562 GC heap after
Heap after GC invocations=17 (full 3):
 PSYoungGen      total 156672K, used 10846K [0x00000000e0000000, 0x00000000ead00000, 0x0000000100000000)
  eden space 145408K, 0% used [0x00000000e0000000,0x00000000e0000000,0x00000000e8e00000)
  from space 11264K, 96% used [0x00000000ea200000,0x00000000eac97a60,0x00000000ead00000)
  to   space 15872K, 0% used [0x00000000e8e00000,0x00000000e8e00000,0x00000000e9d80000)
 ParOldGen       total 117760K, used 32797K [0x00000000a0000000, 0x00000000a7300000, 0x00000000e0000000)
  object space 117760K, 27% used [0x00000000a0000000,0x00000000a2007680,0x00000000a7300000)
 Metaspace       used 63474K, capacity 66016K, committed 66048K, reserved 1105920K
  class space    used 8665K, capacity 9205K, committed 9216K, reserved 1048576K
}

